<?xml version="1.0" encoding="UTF-8"?>
<!-- Generated by org.testng.reporters.JUnitReportReporter -->
<testsuite skipped="0" hostname="SUBHASIS-PC" name="com.actitime.customerTest.CustomerTest" tests="1" failures="0" timestamp="2019-09-19T11:00:50 IST" time="5.881" errors="0">
  <testcase name="createCustomerTest" time="5.881" classname="com.actitime.customerTest.CustomerTest"/>
</testsuite> <!-- com.actitime.customerTest.CustomerTest -->
