<?xml version="1.0" encoding="UTF-8"?>
<!-- Generated by org.testng.reporters.JUnitReportReporter -->
<testsuite skipped="0" hostname="SUBHASIS-PC" name="com.actitime.homeTest.HomeTest" tests="1" failures="0" timestamp="2019-09-20T20:32:15 IST" time="6.397" errors="0">
  <testcase name="homePageTest" time="6.397" classname="com.actitime.homeTest.HomeTest"/>
</testsuite> <!-- com.actitime.homeTest.HomeTest -->
