<?xml version="1.0" encoding="UTF-8"?>
<!-- Generated by org.testng.reporters.JUnitReportReporter -->
<testsuite skipped="0" hostname="SUBHASIS-PC" name="com.actitime.genericlibrary.FileLib" tests="3" failures="0" timestamp="2019-09-20T20:30:07 IST" time="0.000" errors="0">
  <testcase name="createCustomerTest" time="0.000" classname="com.actitime.genericlibrary.FileLib"/>
  <testcase name="createCustomerTest" time="0.000" classname="com.actitime.genericlibrary.FileLib"/>
  <testcase name="createCustomerTest" time="0.000" classname="com.actitime.genericlibrary.FileLib"/>
</testsuite> <!-- com.actitime.genericlibrary.FileLib -->
