<?xml version="1.0" encoding="UTF-8"?>
<!-- Generated by org.testng.reporters.JUnitReportReporter -->
<testsuite skipped="0" hostname="SUBHASIS-PC" name="com.actitime.taskTest.TaskTest" tests="3" failures="0" timestamp="2019-09-20T20:32:15 IST" time="17.608" errors="0">
  <testcase name="createCustomerTest" time="6.717" classname="com.actitime.taskTest.TaskTest"/>
  <testcase name="createCustomerTest" time="5.011" classname="com.actitime.taskTest.TaskTest"/>
  <testcase name="createCustomerTest" time="5.880" classname="com.actitime.taskTest.TaskTest"/>
</testsuite> <!-- com.actitime.taskTest.TaskTest -->
